<?xml version="1.0" encoding="UTF-8"?>
<robot generator="Robot 4.1.1 (Python 3.9.4 on win32)" generated="20220925 11:07:46.990" rpa="false" schemaversion="2">
<suite id="s1" name="Getapirequest" source="D:\Les5\9test\webApiTesting\getapirequest.robot">
<test id="s1-t1" name="TC001 Get Data API">
<kw name="Create Session" library="RequestsLibrary">
<arg>MyFetchData</arg>
<arg>${base_url}</arg>
<doc>Create Session: create a HTTP session to a server</doc>
<msg timestamp="20220925 11:07:47.116" level="INFO">Creating Session using : alias=MyFetchData, url=http://thetestingworldapi.com/, headers={},                     cookies={}, auth=None, timeout=None, proxies=None, verify=False,                     debug=0 </msg>
<status status="PASS" starttime="20220925 11:07:47.104" endtime="20220925 11:07:47.116"/>
</kw>
<kw name="Get On Session" library="RequestsLibrary">
<var>${response}</var>
<arg>MyFetchData</arg>
<arg>api/studentsDetails</arg>
<doc>Sends a GET request on a previously created HTTP Session.</doc>
<msg timestamp="20220925 11:07:51.592" level="INFO">GET Request : url=http://thetestingworldapi.com/api/studentsDetails (redirected) 
 path_url=/api/studentsDetails 
 headers={'User-Agent': 'python-requests/2.25.1', 'Accept-Encoding': 'gzip, deflate', 'Accept': '*/*', 'Connection': 'keep-alive'} 
 body=None 
 </msg>
<msg timestamp="20220925 11:07:51.592" level="INFO">GET Response : url=https://thetestingworldapi.com/api/studentsDetails 
 status=200, reason=OK 
 headers={'Cache-Control': 'no-cache', 'Pragma': 'no-cache', 'Content-Type': 'application/json; charset=utf-8', 'Expires': '-1', 'Server': 'Microsoft-IIS/8.5', 'X-AspNet-Version': '4.0.30319', 'X-Powered-By': 'ASP.NET', 'X-Powered-By-Plesk': 'PleskWin', 'Date': 'Sun, 25 Sep 2022 04:07:49 GMT', 'Content-Length': '10875'} 
 body=[{"id":3846322,"first_name":"hi","middle_name":"13323","last_name":"sss","date_of_birth":"14/02/2023"},{"id":3846321,"first_name":"hi","middle_name":"13323","last_name":"sss","date_of_birth":"14/02/2023"},{"id":3846320,"first_name":"hi","middle_name":"13323","last_name":"sss","date_of_birth":"14/02/2023"},{"id":3846319,"first_name":"hi","middle_name":"13323","last_name":"sss","date_of_birth":"14/02/2023"},{"id":3846318,"first_name":"hi","middle_name":"13323","last_name":"sss","date_of_birth":"14/02/2023"},{"id":3846317,"first_name":"hi","middle_name":"13323","last_name":"sss","date_of_birth":"14/02/2023"},{"id":3846316,"first_name":"A","middle_name":"13323","last_name":"sss","date_of_birth":"14/02/2023"},{"id":3846315,"first_name":"A","middle_name":"13323","last_name":"sss","date_of_birth":"14/02/2023"},{"id":3846314,"first_name":"A","middle_name":"13323","last_name":"sss","date_of_birth":"14/02/2023"},{"id":3846313,"first_name":"A","middle_name":"13323","last_name":"sss","date_of_birth":"14/02/2023"},{"id":3846312,"first_name":"A","middle_name":"13323","last_name":"sss","date_of_birth":"14/02/2023"},{"id":3846311,"first_name":"A","middle_name":"13323","last_name":"sss","date_of_birth":"14/02/2023"},{"id":3846310,"first_name":"A","middle_name":"13323","last_name":"sss","date_of_birth":"14/02/2023"},{"id":3846309,"first_name":"A","middle_name":"13323","last_name":"sss","date_of_birth":"14/02/2023"},{"id":3846308,"first_name":"A","middle_name":"13323","last_name":"sss","date_of_birth":"14/02/2023"},{"id":3846307,"first_name":"A","middle_name":"13323","last_name":"sss","date_of_birth":"14/02/2023"},{"id":3846306,"first_name":"A","middle_name":"13323","last_name":"sss","date_of_birth":"14/02/2023"},{"id":3846305,"first_name":"A","middle_name":"13323","last_name":"sss","date_of_birth":"14/02/2023"},{"id":3846304,"first_name":"A","middle_name":"13323","last_name":"sss","date_of_birth":"14/02/2023"},{"id":3846303,"first_name":"A","middle_name":"13323","last_name":"sss","date_of_birth":"14/02/2023"},{"id":3846302,"first_name":"A","middle_name":"13323","last_name":"sss","date_of_birth":"14/02/2023"},{"id":3846301,"first_name":"A","middle_name":"13323","last_name":"sss","date_of_birth":"14/02/2023"},{"id":3846300,"first_name":"A","middle_name":"13323","last_name":"sss","date_of_birth":"14/02/2023"},{"id":3846299,"first_name":"Testing","middle_name":"M","last_name":"World1","date_of_birth":"11/11/2000"},{"id":3846298,"first_name":"Testing","middle_name":"M","last_name":"World1","date_of_birth":"11/11/2000"},{"id":3846297,"first_name":"Testing","middle_name":"M","last_name":"World1","date_of_birth":"11/11/2000"},{"id":3846296,"first_name":"Testing","middle_name":"M","last_name":"World1","date_of_birth":"11/11/2000"},{"id":3846295,"first_name":"Testing","middle_name":"M","last_name":"World1","date_of_birth":"11/11/2000"},{"id":3846294,"first_name":"Testing","middle_name":"M","last_name":"World1","date_of_birth":"11/11/2000"},{"id":3846293,"first_name":null,"middle_name":null,"last_name":null,"date_of_birth":null},{"id":3846292,"first_name":"UpdateName1","middle_name":"UpdateMiddleName1","last_name":"UpdateLastName1","date_of_birth":"10/12/90"},{"id":3846291,"first_name":"LALITHA","middle_name":"G","last_name":"Ainam","date_of_birth":"01/05/1990"},{"id":3846290,"first_name":"LALITHA","middle_name":"G","last_name":"Ainam","date_of_birth":"01/05/1990"},{"id":3846289,"first_name":"LALITHA","middle_name":"G","last_name":"Ainam","date_of_birth":"01/05/1990"},{"id":3846288,"first_name":"LALITHA","middle_name":"G","last_name":"Ainam","date_of_birth":"01/05/1990"},{"id":3846287,"first_name":"LALITHA","middle_name":"G","last_name":"Ainam","date_of_birth":"01/05/1990"},{"id":3846286,"first_name":"LALITHA","middle_name":"G","last_name":"Ainam","date_of_birth":"01/05/1990"},{"id":3846284,"first_name":"hello","middle_name":"G","last_name":"ABCD","date_of_birth":"01/05/1990"},{"id":3846283,"first_name":"hello","middle_name":"G","last_name":"ABCD","date_of_birth":"01/05/1990"},{"id":3846282,"first_name":"hello","middle_name":"G","last_name":"ABCD","date_of_birth":"01/05/1990"},{"id":3846281,"first_name":"hello","middle_name":"G","last_name":"ABCD","date_of_birth":"01/05/1990"},{"id":3846280,"first_name":"hello","middle_name":"G","last_name":"ABCD","date_of_birth":"01/05/1990"},{"id":3846279,"first_name":"hello","middle_name":"G","last_name":"ABCD","date_of_birth":"01/05/1990"},{"id":3846278,"first_name":"Omkar","middle_name":"Vijaykumar","last_name":"Bhandare","date_of_birth":"23/02/1998"},{"id":3846277,"first_name":"Omkar","middle_name":"Vijaykumar","last_name":"Bhandare","date_of_birth":"23/02/1998"},{"id":3846276,"first_name":"Omkar","middle_name":"Vijaykumar","last_name":"Bhandare","date_of_birth":"23/02/1998"},{"id":3846275,"first_name":"Omkar","middle_name":"Vijaykumar","last_name":"Bhandare","date_of_birth":"23/02/1998"},{"id":3846274,"first_name":"Omkar","middle_name":"Vijaykumar","last_name":"Bhandare","date_of_birth":"23/02/1998"},{"id":3846273,"first_name":"Omkar","middle_name":"Vijaykumar","last_name":"Bhandare","date_of_birth":"23/02/1998"},{"id":3846272,"first_name":"Omkar","middle_name":"Vijaykumar","last_name":"Bhandare","date_of_birth":"23/02/1998"},{"id":3846271,"first_name":"Omkar","middle_name":"Vijaykumar","last_name":"Bhandare","date_of_birth":"23/02/1998"},{"id":3846270,"first_name":"Omkar","middle_name":"Vijaykumar","last_name":"Bhandare","date_of_birth":"23/02/1998"},{"id":3846269,"first_name":"Omkar","middle_name":"Vijaykumar","last_name":"Bhandare","date_of_birth":"23/02/1998"},{"id":3846268,"first_name":"Omkar","middle_name":"Vijaykumar","last_name":"Bhandare","date_of_birth":"23/02/1998"},{"id":3846267,"first_name":"Omkar","middle_name":"Vijaykumar","last_name":"Bhandare","date_of_birth":"23/02/1998"},{"id":3846266,"first_name":"Omkar","middle_name":"Vijaykumar","last_name":"Bhandare","date_of_birth":"23/02/1998"},{"id":3846265,"first_name":"Omkar","middle_name":"Vijaykumar","last_name":"Bhandare","date_of_birth":"23/02/1998"},{"id":3846264,"first_name":"Omkar","middle_name":"Vijaykumar","last_name":"Bhandare","date_of_birth":"23/02/1998"},{"id":3846263,"first_name":"Omkar","middle_name":"Vijaykumar","last_name":"Bhandare","date_of_birth":"23/02/1998"},{"id":3846262,"first_name":"Omkar","middle_name":"Vijaykumar","last_name":"Bhandare","date_of_birth":"23/02/1998"},{"id":3846261,"first_name":"Omkar","middle_name":"Vijaykumar","last_name":"Bhandare","date_of_birth":"23/02/1998"},{"id":3846260,"first_name":"Omkaraaa","middle_name":"Vijaykumaraa","last_name":"Bhandareaa","date_of_birth":"23/02/1998"},{"id":3846259,"first_name":"Omkaraaa","middle_name":"Vijaykumaraa","last_name":"Bhandareaa","date_of_birth":"23/02/1998"},{"id":3846258,"first_name":"Omkaraaa","middle_name":"Vijaykumaraa","last_name":"Bhandareaa","date_of_birth":"23/02/1998"},{"id":3846257,"first_name":"Omkaraaa","middle_name":"Vijaykumaraa","last_name":"Bhandareaa","date_of_birth":"23/02/1998"},{"id":3846256,"first_name":"Omkar","middle_name":"Vijaykumar","last_name":"Bhandare","date_of_birth":"23/02/1998"},{"id":3846255,"first_name":"Omkar","middle_name":"Vijaykumar","last_name":"Bhandare","date_of_birth":"23/02/1998"},{"id":3846254,"first_name":"Omkar","middle_name":"Vijaykumar","last_name":"Bhandare","date_of_birth":"23/02/1998"},{"id":3846253,"first_name":"Omkar","middle_name":"Vijaykumar","last_name":"Bhandare","date_of_birth":"23/02/1998"},{"id":3846252,"first_name":"Omkar","middle_name":"Vijaykumar","last_name":"Bhandare","date_of_birth":"23/02/1998"},{"id":3846251,"first_name":"Omkar","middle_name":"Vijaykumar","last_name":"Bhandare","date_of_birth":"23/02/1998"},{"id":3846250,"first_name":"Omkar","middle_name":"Vijaykumar","last_name":"Bhandare","date_of_birth":"23/02/1998"},{"id":3846249,"first_name":"Omkar","middle_name":"Vijaykumar","last_name":"Bhandare","date_of_birth":"23/02/1998"},{"id":3846248,"first_name":"Omkar","middle_name":"Vijaykumar","last_name":"Bhandare","date_of_birth":"23/02/1998"},{"id":3846247,"first_name":"Omkar","middle_name":"Vijaykumar","last_name":"Bhandare","date_of_birth":"23/02/1998"},{"id":3846246,"first_name":"Omkar","middle_name":"Vijaykumar","last_name":"Bhandare","date_of_birth":"23/02/1998"},{"id":3846245,"first_name":"Omkar","middle_name":"Vijaykumar","last_name":"Bhandare","date_of_birth":"23/02/1998"},{"id":3846244,"first_name":"Omkar","middle_name":"Vijaykumar","last_name":"Bhandare","date_of_birth":"23/02/1998"},{"id":3846243,"first_name":"Omkar","middle_name":"Vijaykumar","last_name":"Bhandare","date_of_birth":"23/02/1998"},{"id":3846242,"first_name":"Omkar","middle_name":"Vijaykumar","last_name":"Bhandare","date_of_birth":"23/02/1998"},{"id":3846241,"first_name":"Omkar","middle_name":"Vijaykumar","last_name":"Bhandare","date_of_birth":"23/02/1998"},{"id":3846239,"first_name":"Omkar","middle_name":"Vijaykumar","last_name":"Bhandare","date_of_birth":"23/02/1998"},{"id":3846238,"first_name":"Omkar","middle_name":"Vijaykumar","last_name":"Bhandare","date_of_birth":"23/02/1998"},{"id":3846237,"first_name":"Omkar","middle_name":"Vijaykumar","last_name":"Bhandare","date_of_birth":"23/02/1998"},{"id":3846236,"first_name":"Omkar","middle_name":"Vijaykumar","last_name":"Bhandare","date_of_birth":"23/02/1998"},{"id":3846235,"first_name":"Omkar","middle_name":"Vijaykumar","last_name":"Bhandare","date_of_birth":"23/02/1998"},{"id":3846234,"first_name":"Omkar","middle_name":"Vijaykumar","last_name":"Bhandare","date_of_birth":"23/02/1998"},{"id":3846233,"first_name":"hello","middle_name":"G","last_name":"TestingWorld","date_of_birth":"01/05/1990"},{"id":3846232,"first_name":"hello","middle_name":"G","last_name":"TestingWorld","date_of_birth":"01/05/1990"},{"id":3846231,"first_name":"hello","middle_name":"G","last_name":"TestingWorld","date_of_birth":"01/05/1990"},{"id":3846230,"first_name":"hello","middle_name":"G","last_name":"ABCD","date_of_birth":"01/05/1990"},{"id":3846229,"first_name":"hello","middle_name":... (set the log level to DEBUG or TRACE to see the full content) 
 </msg>
<msg timestamp="20220925 11:07:51.592" level="INFO">c:\users\dell\python\python39\lib\site-packages\urllib3\connectionpool.py:1013: InsecureRequestWarning: Unverified HTTPS request is being made to host 'thetestingworldapi.com'. Adding certificate verification is strongly advised. See: https://urllib3.readthedocs.io/en/latest/advanced-usage.html#ssl-warnings
  warnings.warn(</msg>
<msg timestamp="20220925 11:07:51.592" level="INFO">${response} = &lt;Response [200]&gt;</msg>
<status status="PASS" starttime="20220925 11:07:47.116" endtime="20220925 11:07:51.592"/>
</kw>
<kw name="Log To Console" library="BuiltIn">
<arg>${response.status_code}</arg>
<doc>Logs the given message to the console.</doc>
<status status="PASS" starttime="20220925 11:07:51.592" endtime="20220925 11:07:51.592"/>
</kw>
<kw name="Log To Console" library="BuiltIn">
<arg>${response.content}</arg>
<doc>Logs the given message to the console.</doc>
<status status="PASS" starttime="20220925 11:07:51.609" endtime="20220925 11:07:51.609"/>
</kw>
<status status="PASS" starttime="20220925 11:07:47.104" endtime="20220925 11:07:51.613"/>
</test>
<status status="PASS" starttime="20220925 11:07:46.994" endtime="20220925 11:07:51.615"/>
</suite>
<statistics>
<total>
<stat pass="1" fail="0" skip="0">All Tests</stat>
</total>
<tag>
</tag>
<suite>
<stat pass="1" fail="0" skip="0" id="s1" name="Getapirequest">Getapirequest</stat>
</suite>
</statistics>
<errors>
</errors>
</robot>
