<?xml version="1.0" encoding="UTF-8"?>
<robot generator="Robot 4.1.1 (Python 3.9.4 on win32)" generated="20220929 07:08:01.913" rpa="false" schemaversion="2">
<suite id="s1" name="Cupturegreen" source="D:\Les5\9test\applicationTesting\cupturegreen.robot">
<test id="s1-t1" name="Cupture element test">
<kw name="Open Browser" library="Selenium2Library">
<arg>${base_url}</arg>
<arg>chrome</arg>
<doc>Opens a new browser instance to the optional ``url``.</doc>
<msg timestamp="20220929 07:08:02.179" level="INFO">Opening browser 'chrome' to base url 'https://training.rcvacademy.com/login'.</msg>
<status status="PASS" starttime="20220929 07:08:02.179" endtime="20220929 07:08:42.179"/>
</kw>
<kw name="Maximize Browser Window" library="Selenium2Library">
<doc>Maximizes current browser window.</doc>
<status status="PASS" starttime="20220929 07:08:42.180" endtime="20220929 07:08:42.313"/>
</kw>
<kw name="Input Text" library="Selenium2Library">
<arg>id:email</arg>
<arg>Admin</arg>
<doc>Types the given ``text`` into the text field identified by ``locator``.</doc>
<msg timestamp="20220929 07:08:42.321" level="INFO">Typing text 'Admin' into text field 'id:email'.</msg>
<status status="PASS" starttime="20220929 07:08:42.313" endtime="20220929 07:08:42.536"/>
</kw>
<kw name="Input Text" library="Selenium2Library">
<arg>id:password</arg>
<arg>Admin123</arg>
<doc>Types the given ``text`` into the text field identified by ``locator``.</doc>
<msg timestamp="20220929 07:08:42.544" level="INFO">Typing text 'Admin123' into text field 'id:password'.</msg>
<status status="PASS" starttime="20220929 07:08:42.536" endtime="20220929 07:08:42.772"/>
</kw>
<kw name="Sleep" library="BuiltIn">
<arg>3</arg>
<doc>Pauses the test executed for the given time.</doc>
<msg timestamp="20220929 07:08:45.780" level="INFO">Slept 3 seconds</msg>
<status status="PASS" starttime="20220929 07:08:42.772" endtime="20220929 07:08:45.780"/>
</kw>
<kw name="Capture Element Screenshot" library="Selenium2Library">
<arg>xpath://body/div[@id='page']/div[3]/div[1]/div[1]/div[1]/div[1]/div[1]/div[2]/form[1]</arg>
<arg>Logo.png</arg>
<doc>Captures a screenshot from the element identified by ``locator`` and embeds it into log file.</doc>
<msg timestamp="20220929 07:08:45.982" level="INFO" html="true">&lt;/td&gt;&lt;/tr&gt;&lt;tr&gt;&lt;td colspan="3"&gt;&lt;a href="Logo.png"&gt;&lt;img src="Logo.png" width="400px"&gt;&lt;/a&gt;</msg>
<status status="PASS" starttime="20220929 07:08:45.780" endtime="20220929 07:08:45.982"/>
</kw>
<kw name="Capture Page Screenshot" library="Selenium2Library">
<arg>page.png</arg>
<doc>Takes a screenshot of the current page and embeds it into a log file.</doc>
<msg timestamp="20220929 07:08:46.186" level="INFO" html="true">&lt;/td&gt;&lt;/tr&gt;&lt;tr&gt;&lt;td colspan="3"&gt;&lt;a href="page.png"&gt;&lt;img src="page.png" width="800px"&gt;&lt;/a&gt;</msg>
<status status="PASS" starttime="20220929 07:08:45.983" endtime="20220929 07:08:46.186"/>
</kw>
<kw name="Close Browser" library="Selenium2Library">
<doc>Closes the current browser.</doc>
<status status="PASS" starttime="20220929 07:08:46.186" endtime="20220929 07:08:48.404"/>
</kw>
<status status="PASS" starttime="20220929 07:08:02.179" endtime="20220929 07:08:48.404"/>
</test>
<status status="PASS" starttime="20220929 07:08:01.921" endtime="20220929 07:08:48.404"/>
</suite>
<statistics>
<total>
<stat pass="1" fail="0" skip="0">All Tests</stat>
</total>
<tag>
</tag>
<suite>
<stat pass="1" fail="0" skip="0" id="s1" name="Cupturegreen">Cupturegreen</stat>
</suite>
</statistics>
<errors>
</errors>
</robot>
