<?xml version="1.0" encoding="UTF-8"?>
<robot generator="Robot 4.1.1 (Python 3.9.4 on win32)" generated="20220922 09:37:52.013" rpa="false" schemaversion="2">
<suite id="s1" name="DeleteRequestApi" source="D:\Les5\9test\personalApiTesting\DeleteRequestApi.robot">
<test id="s1-t1" name="Test Delete API Request">
<kw name="Create Session" library="RequestsLibrary">
<arg>MyDelete</arg>
<arg>${base_url}</arg>
<doc>Create Session: create a HTTP session to a server</doc>
<msg timestamp="20220922 09:37:52.190" level="INFO">Creating Session using : alias=MyDelete, url=http://localhost:3000/, headers={},                     cookies={}, auth=None, timeout=None, proxies=None, verify=False,                     debug=0 </msg>
<status status="PASS" starttime="20220922 09:37:52.190" endtime="20220922 09:37:52.190"/>
</kw>
<kw name="Delete On Session" library="RequestsLibrary">
<var>${response}</var>
<arg>MyDelete</arg>
<arg>${path}/3</arg>
<doc>Sends a DELETE request on a previously created HTTP Session.</doc>
<msg timestamp="20220922 09:37:54.319" level="INFO">DELETE Request : url=http://localhost:3000/staff/3 
 path_url=/staff/3 
 headers={'User-Agent': 'python-requests/2.25.1', 'Accept-Encoding': 'gzip, deflate', 'Accept': '*/*', 'Connection': 'keep-alive', 'Content-Length': '0'} 
 body=None 
 </msg>
<msg timestamp="20220922 09:37:54.319" level="INFO">DELETE Response : url=http://localhost:3000/staff/3 
 status=200, reason=OK 
 headers={'X-Powered-By': 'Express', 'Vary': 'Origin, Accept-Encoding', 'Access-Control-Allow-Credentials': 'true', 'Cache-Control': 'no-cache', 'Pragma': 'no-cache', 'Expires': '-1', 'X-Content-Type-Options': 'nosniff', 'Content-Type': 'application/json; charset=utf-8', 'Content-Length': '2', 'ETag': 'W/"2-vyGp6PvFo4RvsFtPoIWeCReyIC8"', 'Date': 'Thu, 22 Sep 2022 02:37:54 GMT', 'Connection': 'keep-alive', 'Keep-Alive': 'timeout=5'} 
 body={} 
 </msg>
<msg timestamp="20220922 09:37:54.319" level="INFO">${response} = &lt;Response [200]&gt;</msg>
<status status="PASS" starttime="20220922 09:37:52.190" endtime="20220922 09:37:54.319"/>
</kw>
<kw name="Log To Console" library="BuiltIn">
<arg>${response.status_code}</arg>
<doc>Logs the given message to the console.</doc>
<status status="PASS" starttime="20220922 09:37:54.322" endtime="20220922 09:37:54.324"/>
</kw>
<kw name="Log To Console" library="BuiltIn">
<arg>${response.content}</arg>
<doc>Logs the given message to the console.</doc>
<status status="PASS" starttime="20220922 09:37:54.324" endtime="20220922 09:37:54.324"/>
</kw>
<status status="PASS" starttime="20220922 09:37:52.190" endtime="20220922 09:37:54.324"/>
</test>
<status status="PASS" starttime="20220922 09:37:52.013" endtime="20220922 09:37:54.324"/>
</suite>
<statistics>
<total>
<stat pass="1" fail="0" skip="0">All Tests</stat>
</total>
<tag>
</tag>
<suite>
<stat pass="1" fail="0" skip="0" id="s1" name="DeleteRequestApi">DeleteRequestApi</stat>
</suite>
</statistics>
<errors>
</errors>
</robot>
